<?xml version="1.0" encoding="UTF-8"?>
<testng-results ignored="0" total="1" passed="1" failed="0" skipped="0">
  <reporter-output>
    <line>
      <![CDATA[running verify user id]]>
    </line>
    <line>
      <![CDATA[logout the application]]>
    </line>
    <line>
      <![CDATA[close the app]]>
    </line>
  </reporter-output>
  <suite started-at="2022-09-03T12:13:59 IST" name="Default suite" finished-at="2022-09-03T12:14:04 IST" duration-ms="5727">
    <groups>
    </groups>
    <test started-at="2022-09-03T12:13:59 IST" name="Default test" finished-at="2022-09-03T12:14:04 IST" duration-ms="5727">
      <class name="KiteTest.Test_class">
        <test-method is-config="true" signature="openBrowser()[pri:0, instance:KiteTest.Test_class@6574a52c]" started-at="2022-09-03T12:13:59 IST" name="openBrowser" finished-at="2022-09-03T12:14:03 IST" duration-ms="4038" status="PASS">
          <reporter-output>
          </reporter-output>
        </test-method> <!-- openBrowser -->
        <test-method is-config="true" signature="loginToApp()[pri:0, instance:KiteTest.Test_class@6574a52c]" started-at="2022-09-03T12:14:03 IST" name="loginToApp" finished-at="2022-09-03T12:14:03 IST" duration-ms="888" status="PASS">
          <reporter-output>
          </reporter-output>
        </test-method> <!-- loginToApp -->
        <test-method signature="verifyuserID()[pri:0, instance:KiteTest.Test_class@6574a52c]" started-at="2022-09-03T12:14:03 IST" name="verifyuserID" finished-at="2022-09-03T12:14:04 IST" duration-ms="738" status="PASS">
          <reporter-output>
            <line>
              <![CDATA[running verify user id]]>
            </line>
          </reporter-output>
        </test-method> <!-- verifyuserID -->
        <test-method is-config="true" signature="logoutApp()[pri:0, instance:KiteTest.Test_class@6574a52c]" started-at="2022-09-03T12:14:04 IST" name="logoutApp" finished-at="2022-09-03T12:14:04 IST" duration-ms="1" status="PASS">
          <reporter-output>
            <line>
              <![CDATA[logout the application]]>
            </line>
          </reporter-output>
        </test-method> <!-- logoutApp -->
        <test-method is-config="true" signature="closeBrowser()[pri:0, instance:KiteTest.Test_class@6574a52c]" started-at="2022-09-03T12:14:04 IST" name="closeBrowser" finished-at="2022-09-03T12:14:04 IST" duration-ms="0" status="PASS">
          <reporter-output>
            <line>
              <![CDATA[close the app]]>
            </line>
          </reporter-output>
        </test-method> <!-- closeBrowser -->
      </class> <!-- KiteTest.Test_class -->
    </test> <!-- Default test -->
  </suite> <!-- Default suite -->
</testng-results>
